Running: D:\ise\14.7\ISE_DS\ISE\bin\nt64\unwrapped\fuse.exe -intstyle ise -incremental -lib secureip -o D:/dsd project/encryption_systemn/testfull_isim_beh.exe -prj D:/dsd project/encryption_systemn/testfull_beh.prj work.testfull 
ISim P.20131013 (signature 0x7708f090)
Number of CPUs detected in this system: 16
Turning on mult-threading, number of parallel sub-compilation jobs: 32 
Determining compilation order of HDL files
Parsing VHDL file "D:/dsd project/encryption_systemn/charto_bin.vhd" into library work
Parsing VHDL file "D:/dsd project/encryption_systemn/ceasear_logic.vhd" into library work
Parsing VHDL file "D:/dsd project/encryption_systemn/bintochar.vhd" into library work
Parsing VHDL file "D:/dsd project/encryption_systemn/ceaser_char.vhd" into library work
Parsing VHDL file "D:/dsd project/encryption_systemn/ceaser_encryption.vhd" into library work
Parsing VHDL file "D:/dsd project/encryption_systemn/testfull.vhd" into library work
Starting static elaboration
Completed static elaboration
Compiling package standard
Compiling package std_logic_1164
Compiling package numeric_std
Compiling package std_logic_arith
Compiling package std_logic_unsigned
Compiling package textio
Compiling package std_logic_textio
Compiling architecture behavioral of entity bin_to_char [bin_to_char_default]
Compiling architecture behavioral of entity Caesar_cipher [caesar_cipher_default]
Compiling architecture behavioral of entity char_to_bin [char_to_bin_default]
Compiling architecture behavioral of entity main [main_default]
Compiling architecture behavioral of entity fullwordceaser [fullwordceaser_default]
Compiling architecture behavior of entity testfull
Time Resolution for simulation is 1ps.
Compiled 18 VHDL Units
Built simulation executable D:/dsd project/encryption_systemn/testfull_isim_beh.exe
Fuse Memory Usage: 38708 KB
Fuse CPU Usage: 655 ms
