ISim log file
Running: D:\dsd project\encryption_systemn\testfull_isim_beh.exe -intstyle ise -gui -tclbatch isim.cmd -wdb D:/dsd project/encryption_systemn/testfull_isim_beh.wdb 
ISim P.20131013 (signature 0x7708f090)
----------------------------------------------------------------------
INFO:Security:50 - The XILINXD_LICENSE_FILE environment variable is set to '"D:\Xilinx.ISE.Design.Suite.v14.7\DVD Image\Crack\xilinx_ise.lic"'.
INFO:Security:52 - The LM_LICENSE_FILE environment variable is set to '"D:\Xilinx.ISE.Design.Suite.v14.7\DVD Image\Crack\xilinx_ise.lic"'.
INFO:Security:68a - user is ahmed, on host DESKTOP-PIJHQ88.
WARNING:Security:43 - No license file was found in the standard Xilinx license directory.
WARNING:Security:44 - Since no license file was found,
       please run the Xilinx License Configuration Manager
       (xlcm or "Manage Xilinx Licenses")
       to assist in obtaining a license.
ERROR:Security:14 - No feature was available for 'ISIM'.

No such feature exists.
Feature:       ISIM
License path:  "D:\Xilinx.ISE.Design.Suite.v14.7\DVD Image\Crack\xilinx_ise.lic";C:/.Xilinx;D:\ise\14.7\ISE_DS\ISE\/coregen/core_licenses\Xilinx.lic;D:\ise\14.7\ISE_DS\ISE\/coregen/core_licenses\XilinxFree.lic;D:\ise\14.7\ISE_DS\EDK/data/core_licenses\Xilinx.lic;
FLEXnet Licensing error:-5,357
For further information, refer to the FLEXnet Licensing documentation,
available at "www.flexerasoftware.com".
----------------------------------------------------------------------
WARNING: A full ISim License cannot be checked out due to the issues listed above. Please use Xilinx License Configuration Manager to fix these issues in order to check out a full ISim license.
WARNING: ISim will run in Lite mode. Please refer to the ISim documentation for more information on the differences between the Lite and the Full version.
This is a Lite version of ISim.
Time resolution is 1 ps
# onerror resume
# wave add /
# run 1000 ns
Simulator is doing circuit initialization process.
at 0 ps, Instance /testfull/uut/main_1/bin_to_char_inst/ : Warning: NUMERIC_STD.TO_INTEGER: metavalue detected, returning 0
at 0 ps, Instance /testfull/uut/main_2/bin_to_char_inst/ : Warning: NUMERIC_STD.TO_INTEGER: metavalue detected, returning 0
at 0 ps, Instance /testfull/uut/main_3/bin_to_char_inst/ : Warning: NUMERIC_STD.TO_INTEGER: metavalue detected, returning 0
at 0 ps, Instance /testfull/uut/main_4/bin_to_char_inst/ : Warning: NUMERIC_STD.TO_INTEGER: metavalue detected, returning 0
at 0 ps, Instance /testfull/uut/main_5/bin_to_char_inst/ : Warning: NUMERIC_STD.TO_INTEGER: metavalue detected, returning 0
at 0 ps, Instance /testfull/uut/main_6/bin_to_char_inst/ : Warning: NUMERIC_STD.TO_INTEGER: metavalue detected, returning 0
at 0 ps, Instance /testfull/uut/main_7/bin_to_char_inst/ : Warning: NUMERIC_STD.TO_INTEGER: metavalue detected, returning 0
at 0 ps, Instance /testfull/uut/main_8/bin_to_char_inst/ : Warning: NUMERIC_STD.TO_INTEGER: metavalue detected, returning 0
Finished circuit initialization process.
